<?xml version="1.0" encoding="UTF-8"?>
<!-- Generated by org.testng.reporters.JUnitReportReporter -->
<testsuite skipped="0" hostname="TDIN544" name="Frontend.FirmPage" tests="1" failures="0" timestamp="19 Sep 2019 13:47:33 GMT" time="71.372" errors="0">
  <testcase name="search" time="71.372" classname="Frontend.FirmPage"/>
</testsuite> <!-- Frontend.FirmPage -->
